<?xml version="1.0" encoding="UTF-8"?>
<testsuite name="Se realiza la creacion de un nuevo usuario en la pagina utest.com" tests="1" skipped="0" failures="0" errors="0" timestamp="2022-06-01T00:48:10" hostname="CHBOGPF34KYVJ" time="54.295">
  <properties/>
  <testcase name="El usuario accede a la pagina utest" classname="Se realiza la creacion de un nuevo usuario en la pagina utest.com" time="54.295"/>
  <system-out><![CDATA[]]></system-out>
  <system-err><![CDATA[may 31, 2022 7:48:11 PM org.openqa.selenium.remote.DesiredCapabilities chrome
INFORMACIÓN: Using `new ChromeOptions()` is preferred to `DesiredCapabilities.chrome()`
Starting ChromeDriver 102.0.5005.61 (0e59bcc00cc4985ce39ad31c150065f159d95ad3-refs/branch-heads/5005@{#819}) on port 43883
Only local connections are allowed.
Please see https://chromedriver.chromium.org/security-considerations for suggestions on keeping ChromeDriver safe.
ChromeDriver was started successfully.
may 31, 2022 7:48:13 PM org.openqa.selenium.remote.ProtocolHandshake createSession
INFORMACIÓN: Detected dialect: W3C
[Test worker] INFO net.serenitybdd.core.Serenity - 
        __    _____ _____ ____ _____   ____   _    ____  ____  _____ ____  
  _     \ \  |_   _| ____/ ___|_   _| |  _ \ / \  / ___|/ ___|| ____|  _ \ 
 (_)_____| |   | | |  _| \___ \ | |   | |_) / _ \ \___ \\___ \|  _| | | | |
  _|_____| |   | | | |___ ___) || |   |  __/ ___ \ ___) |___) | |___| |_| |
 (_)     | |   |_| |_____|____/ |_|   |_| /_/   \_\____/|____/|_____|____/ 
        /_/                                                                

TEST PASSED: El usuario accede a la pagina utest
----------------------------------------------------------------------------
]]></system-err>
</testsuite>
